-------------------------------------------------------------------------------
Test set: se.kth.iv1350.iv1350upg.controller.ControllerTest
-------------------------------------------------------------------------------
Tests run: 5, Failures: 0, Errors: 1, Skipped: 0, Time elapsed: 0.052 s <<< FAILURE! - in se.kth.iv1350.iv1350upg.controller.ControllerTest
testPayment  Time elapsed: 0.01 s  <<< ERROR!
java.lang.NullPointerException
	at se.kth.iv1350.iv1350upg.controller.ControllerTest.testPayment(ControllerTest.java:86)

